10:04:37.816 [INFO] [org.gradle.launcher.daemon.server.Daemon] start() called on daemon - DefaultDaemonContext[uid=14711b76-a4fb-4ab0-a36c-95517117a17b,javaHome=/home/maureen/Downloads/jdk1.8.0_60,daemonRegistryDir=/home/maureen/AndroidStudioProjects/Mtindo/daemon,pid=10561,idleTimeout=10800000,daemonOpts=-XX:MaxPermSize=256m,-XX:+HeapDumpOnOutOfMemoryError,-Xmx1024m,-Dfile.encoding=UTF-8,-Duser.country=US,-Duser.language=en,-Duser.variant]
10:04:37.819 [DEBUG] [org.gradle.launcher.daemon.server.DaemonStateCoordinator] updating lastActivityAt to 1450335877819
10:04:37.871 [DEBUG] [org.gradle.messaging.remote.internal.inet.InetAddressFactory] Adding IP addresses for network interface wlan0
10:04:37.872 [DEBUG] [org.gradle.messaging.remote.internal.inet.InetAddressFactory] Is this a loopback interface? false
10:04:37.872 [DEBUG] [org.gradle.messaging.remote.internal.inet.InetAddressFactory] Is this a multicast interface? true
10:04:37.882 [DEBUG] [org.gradle.messaging.remote.internal.inet.InetAddressFactory] Adding remote address /fe80:0:0:0:3668:95ff:fe40:f9c3%wlan0
10:04:37.883 [DEBUG] [org.gradle.messaging.remote.internal.inet.InetAddressFactory] Adding remote multicast interface wlan0
10:04:37.884 [DEBUG] [org.gradle.messaging.remote.internal.inet.InetAddressFactory] Adding IP addresses for network interface lo
10:04:37.884 [DEBUG] [org.gradle.messaging.remote.internal.inet.InetAddressFactory] Is this a loopback interface? true
10:04:37.885 [DEBUG] [org.gradle.messaging.remote.internal.inet.InetAddressFactory] Is this a multicast interface? false
10:04:37.885 [DEBUG] [org.gradle.messaging.remote.internal.inet.InetAddressFactory] Adding loopback address /0:0:0:0:0:0:0:1%lo
10:04:37.885 [DEBUG] [org.gradle.messaging.remote.internal.inet.InetAddressFactory] Adding loopback address /127.0.0.1
10:04:38.009 [DEBUG] [org.gradle.messaging.remote.internal.inet.TcpIncomingConnector] Listening on [be6b04ad-eb96-4d98-bd7c-345104bd33f3 port:56017, addresses:[/0:0:0:0:0:0:0:1%lo, /127.0.0.1]].
10:04:38.027 [DEBUG] [org.gradle.launcher.daemon.server.Daemon] Daemon starting at: Thu Dec 17 10:04:38 EAT 2015, with address: [be6b04ad-eb96-4d98-bd7c-345104bd33f3 port:56017, addresses:[/0:0:0:0:0:0:0:1%lo, /127.0.0.1]]
10:04:38.028 [INFO] [org.gradle.launcher.daemon.server.DomainRegistryUpdater] Advertising the daemon address to the clients: [be6b04ad-eb96-4d98-bd7c-345104bd33f3 port:56017, addresses:[/0:0:0:0:0:0:0:1%lo, /127.0.0.1]]
10:04:38.028 [DEBUG] [org.gradle.launcher.daemon.server.DomainRegistryUpdater] Advertised daemon context: DefaultDaemonContext[uid=14711b76-a4fb-4ab0-a36c-95517117a17b,javaHome=/home/maureen/Downloads/jdk1.8.0_60,daemonRegistryDir=/home/maureen/AndroidStudioProjects/Mtindo/daemon,pid=10561,idleTimeout=10800000,daemonOpts=-XX:MaxPermSize=256m,-XX:+HeapDumpOnOutOfMemoryError,-Xmx1024m,-Dfile.encoding=UTF-8,-Duser.country=US,-Duser.language=en,-Duser.variant]
10:04:38.029 [DEBUG] [org.gradle.launcher.daemon.registry.PersistentDaemonRegistry] Storing daemon address: [be6b04ad-eb96-4d98-bd7c-345104bd33f3 port:56017, addresses:[/0:0:0:0:0:0:0:1%lo, /127.0.0.1]], context: DefaultDaemonContext[uid=14711b76-a4fb-4ab0-a36c-95517117a17b,javaHome=/home/maureen/Downloads/jdk1.8.0_60,daemonRegistryDir=/home/maureen/AndroidStudioProjects/Mtindo/daemon,pid=10561,idleTimeout=10800000,daemonOpts=-XX:MaxPermSize=256m,-XX:+HeapDumpOnOutOfMemoryError,-Xmx1024m,-Dfile.encoding=UTF-8,-Duser.country=US,-Duser.language=en,-Duser.variant]
10:04:38.041 [DEBUG] [org.gradle.cache.internal.DefaultFileLockManager] Waiting to acquire exclusive lock on daemon addresses registry.
10:04:38.042 [DEBUG] [org.gradle.cache.internal.DefaultFileLockManager] Lock acquired.
10:04:38.132 [DEBUG] [org.gradle.cache.internal.DefaultFileLockManager] Releasing lock on daemon addresses registry.
10:04:38.133 [LIFECYCLE] [org.gradle.launcher.daemon.server.Daemon] Daemon server started.
10:04:38.135 [DEBUG] [org.gradle.launcher.daemon.bootstrap.DaemonStartupCommunication] Completed writing the daemon greeting. Closing streams...
10:04:38.135 [DEBUG] [org.gradle.launcher.daemon.server.Daemon] requestStopOnIdleTimeout(10800000 MILLISECONDS) called on daemon
10:04:38.136 [DEBUG] [org.gradle.launcher.daemon.server.DaemonStateCoordinator] Idle timeout: waiting for daemon to stop or be idle for 10800000ms
10:04:38.137 [DEBUG] [org.gradle.launcher.daemon.server.DaemonStateCoordinator] Daemon is idle, sleeping until state change or idle timeout at Thu Dec 17 13:04:37 EAT 2015
10:04:38.216 [DEBUG] [org.gradle.messaging.remote.internal.inet.TcpIncomingConnector] Accepted connection from /127.0.0.1:43320 to /127.0.0.1:56017.
10:04:38.359 [DEBUG] [org.gradle.launcher.daemon.server.SynchronizedDispatchConnection] thread 14: received class org.gradle.launcher.daemon.protocol.Build
10:04:38.360 [DEBUG] [org.gradle.launcher.daemon.server.DefaultDaemonConnection] Received non-IO message from client: Build{id=8515ec5b-12da-4229-96db-fe506711f669.1, currentDir=/home/maureen/Desktop/Mtindo}
10:04:38.361 [INFO] [org.gradle.launcher.daemon.server.DefaultIncomingConnectionHandler] Received command: Build{id=8515ec5b-12da-4229-96db-fe506711f669.1, currentDir=/home/maureen/Desktop/Mtindo}.
10:04:38.361 [DEBUG] [org.gradle.launcher.daemon.server.DefaultIncomingConnectionHandler] Starting executing command: Build{id=8515ec5b-12da-4229-96db-fe506711f669.1, currentDir=/home/maureen/Desktop/Mtindo} with connection: socket connection from /127.0.0.1:56017 to /127.0.0.1:43320.
10:04:38.381 [DEBUG] [org.gradle.launcher.daemon.server.DaemonStateCoordinator] Command execution: started DaemonCommandExecution[command = Build{id=8515ec5b-12da-4229-96db-fe506711f669.1, currentDir=/home/maureen/Desktop/Mtindo}, connection = org.gradle.launcher.daemon.server.DefaultDaemonConnection@285163ea] after 0.0 minutes of idle
10:04:38.381 [INFO] [org.gradle.launcher.daemon.server.DomainRegistryUpdater] Marking the daemon as busy, address: [be6b04ad-eb96-4d98-bd7c-345104bd33f3 port:56017, addresses:[/0:0:0:0:0:0:0:1%lo, /127.0.0.1]]
10:04:38.381 [DEBUG] [org.gradle.launcher.daemon.registry.PersistentDaemonRegistry] Marking busy by address: [be6b04ad-eb96-4d98-bd7c-345104bd33f3 port:56017, addresses:[/0:0:0:0:0:0:0:1%lo, /127.0.0.1]]
10:04:38.382 [DEBUG] [org.gradle.cache.internal.DefaultFileLockManager] Waiting to acquire exclusive lock on daemon addresses registry.
10:04:38.382 [DEBUG] [org.gradle.cache.internal.DefaultFileLockManager] Lock acquired.
10:04:38.386 [DEBUG] [org.gradle.cache.internal.DefaultFileLockManager] Releasing lock on daemon addresses registry.
10:04:38.386 [DEBUG] [org.gradle.launcher.daemon.server.DaemonStateCoordinator] updating lastActivityAt to 1450335878386
10:04:38.386 [DEBUG] [org.gradle.launcher.daemon.server.DaemonStateCoordinator] Daemon is busy, sleeping until state changes.
10:04:38.387 [INFO] [org.gradle.launcher.daemon.server.exec.StartBuildOrRespondWithBusy] Daemon is about to start building Build{id=8515ec5b-12da-4229-96db-fe506711f669.1, currentDir=/home/maureen/Desktop/Mtindo}. Dispatching build started information...
10:04:38.388 [DEBUG] [org.gradle.launcher.daemon.server.SynchronizedDispatchConnection] thread 16: dispatching class org.gradle.launcher.daemon.protocol.BuildStarted
10:04:38.396 [DEBUG] [org.gradle.launcher.daemon.server.SynchronizedDispatchConnection] thread 14: received class org.gradle.launcher.daemon.protocol.CloseInput
10:04:38.397 [DEBUG] [org.gradle.launcher.daemon.server.DefaultDaemonConnection] Received IO message from client: org.gradle.launcher.daemon.protocol.CloseInput@182e71f8
10:04:38.403 [DEBUG] [org.gradle.launcher.daemon.server.exec.EstablishBuildEnvironment] Configuring env variables: {PATH=/usr/local/sbin:/usr/local/bin:/usr/sbin:/usr/bin:/sbin:/bin:/usr/games:/usr/local/games:/usr/local/java/jdk1.8.0_60/bin:/usr/local/java/jdk1.8.0_60/jre/bin, LC_MEASUREMENT=om_KE.UTF-8, XAUTHORITY=/home/maureen/.Xauthority, XMODIFIERS=@im=ibus, LC_TELEPHONE=om_KE.UTF-8, XDG_DATA_DIRS=/usr/share/ubuntu:/usr/share/gnome:/usr/local/share/:/usr/share/, GDMSESSION=ubuntu, MANDATORY_PATH=/usr/share/gconf/ubuntu.mandatory.path, LC_TIME=om_KE.UTF-8, TEXTDOMAINDIR=/usr/share/locale/, GTK_IM_MODULE=ibus, DBUS_SESSION_BUS_ADDRESS=unix:abstract=/tmp/dbus-3m3sudXJOY, DEFAULTS_PATH=/usr/share/gconf/ubuntu.default.path, XDG_CURRENT_DESKTOP=Unity, JRE_HOME=/usr/local/java/jdk1.8.0_60/jre, LD_LIBRARY_PATH=/home/maureen/android-studio/bin:, UPSTART_SESSION=unix:abstract=/com/ubuntu/upstart-session/1000/1601, QT4_IM_MODULE=xim, LC_PAPER=om_KE.UTF-8, SESSION_MANAGER=local/maureen-HP-15-Notebook-PC:@/tmp/.ICE-unix/1752,unix/maureen-HP-15-Notebook-PC:/tmp/.ICE-unix/1752, LOGNAME=maureen, JOB=dbus, PWD=/home/maureen, IM_CONFIG_PHASE=1, LANGUAGE=en_US, SHELL=/bin/bash, LC_ADDRESS=om_KE.UTF-8, GIO_LAUNCHED_DESKTOP_FILE=/home/maureen/.local/share/applications/jetbrains-studio.desktop, INSTANCE=, GNOME_DESKTOP_SESSION_ID=this-is-deprecated, GTK_MODULES=overlay-scrollbar:unity-gtk-module, CLUTTER_IM_MODULE=xim, XDG_SESSION_PATH=/org/freedesktop/DisplayManager/Session0, TEXTDOMAIN=im-config, COMPIZ_BIN_PATH=/usr/bin/, SESSIONTYPE=gnome-session, SHLVL=0, LC_IDENTIFICATION=om_KE.UTF-8, LC_MONETARY=om_KE.UTF-8, COMPIZ_CONFIG_PROFILE=ubuntu, QT_IM_MODULE=ibus, JAVA_HOME=/usr/local/java/jdk1.8.0_60, XFILESEARCHPATH=/usr/dt/app-defaults/%L/Dt, XDG_CONFIG_DIRS=/etc/xdg/xdg-ubuntu:/usr/share/upstart/xdg:/etc/xdg, LANG=en_US.UTF-8, GNOME_KEYRING_CONTROL=/run/user/1000/keyring-VDBYJq, XDG_SEAT_PATH=/org/freedesktop/DisplayManager/Seat0, XDG_SESSION_ID=c2, SELINUX_INIT=YES, DISPLAY=:0, LC_NAME=om_KE.UTF-8, GDM_LANG=en_US, XDG_GREETER_DATA_DIR=/var/lib/lightdm-data/maureen, GPG_AGENT_INFO=/run/user/1000/keyring-VDBYJq/gpg:0:1, DESKTOP_SESSION=ubuntu, SESSION=ubuntu, USER=maureen, XDG_MENU_PREFIX=gnome-, GIO_LAUNCHED_DESKTOP_FILE_PID=10251, LC_NUMERIC=om_KE.UTF-8, SSH_AUTH_SOCK=/run/user/1000/keyring-VDBYJq/ssh, XDG_SEAT=seat0, NLSPATH=/usr/dt/lib/nls/msg/%L/%N.cat, QT_QPA_PLATFORMTHEME=appmenu-qt5, XDG_VTNR=7, XDG_RUNTIME_DIR=/run/user/1000, HOME=/home/maureen, GNOME_KEYRING_PID=1529}
10:04:38.448 [DEBUG] [org.gradle.launcher.daemon.server.exec.LogToClient] About to start relaying all logs to the client via the connection.
10:04:38.449 [INFO] [org.gradle.launcher.daemon.server.exec.LogToClient] The client will now receive all logging from the daemon (pid: 10561). The daemon log file: /home/maureen/AndroidStudioProjects/Mtindo/daemon/2.8/daemon-10561.out.log
10:04:38.479 [INFO] [org.gradle.launcher.daemon.server.health.DaemonHealthTracker] Starting build in new daemon [memory: 954.7 MB]
10:04:38.481 [INFO] [org.gradle.launcher.daemon.server.exec.ForwardClientInput] Closing daemon's stdin at end of input.
10:04:38.481 [INFO] [org.gradle.launcher.daemon.server.exec.ForwardClientInput] The daemon will no longer process any standard input.
10:04:38.483 [DEBUG] [org.gradle.launcher.daemon.server.exec.ExecuteBuild] The daemon has started executing the build.
10:04:38.484 [INFO] [org.gradle.launcher.daemon.server.exec.ExecuteBuild] Executing build with daemon context: DefaultDaemonContext[uid=14711b76-a4fb-4ab0-a36c-95517117a17b,javaHome=/home/maureen/Downloads/jdk1.8.0_60,daemonRegistryDir=/home/maureen/AndroidStudioProjects/Mtindo/daemon,pid=10561,idleTimeout=10800000,daemonOpts=-XX:MaxPermSize=256m,-XX:+HeapDumpOnOutOfMemoryError,-Xmx1024m,-Dfile.encoding=UTF-8,-Duser.country=US,-Duser.language=en,-Duser.variant]
10:04:40.394 [INFO] [org.gradle.tooling.internal.provider.DefaultPayloadClassLoaderRegistry] Creating ClassLoader 0e465484-8b59-49f6-9653-54ba3aa79045 from [Spec classpath:[file:/home/maureen/android-studio/plugins/gradle/lib/gradle-tooling-api-2.2.jar, file:/home/maureen/android-studio/plugins/gradle/lib/guava-jdk5-17.0.jar, file:/home/maureen/android-studio/plugins/gradle/lib/gradle-base-services-2.2.jar, file:/home/maureen/android-studio/plugins/gradle/lib/gradle-tooling-extension-api.jar, file:/home/maureen/android-studio/lib/openapi.jar, file:/home/maureen/android-studio/plugins/android/lib/builder-model-1.5.0-beta2.jar, file:/home/maureen/android-studio/plugins/google-cloud-tools-core/lib/gradle-appengine-builder-model-0.1.0.jar]] and [org.gradle.internal.classloader.FilteringClassLoader@5259f3cb].
10:04:40.395 [DEBUG] [org.gradle.cache.internal.DefaultFileLockManager] Waiting to acquire exclusive lock on jars (/home/maureen/AndroidStudioProjects/Mtindo/caches/jars-1).
10:04:40.417 [DEBUG] [org.gradle.cache.internal.DefaultFileLockManager] Lock acquired.
10:04:40.428 [DEBUG] [org.gradle.cache.internal.locklistener.DefaultFileLockContentionHandler] Starting file lock listener thread.

BUILD SUCCESSFUL

Total time: 16.976 secs
10:04:53.523 [DEBUG] [org.gradle.cache.internal.DefaultFileLockManager] Releasing lock on cp_init class cache for initialization script '/tmp/asLocalRepo0.gradle' (/home/maureen/AndroidStudioProjects/Mtindo/caches/2.8/scripts/asLocalRepo0_4v18is50doz49plyzf0dcau4a/cp_init).
10:04:53.524 [DEBUG] [org.gradle.cache.internal.DefaultFileLockManager] Releasing lock on init class cache for initialization script '/tmp/asLocalRepo0.gradle' (/home/maureen/AndroidStudioProjects/Mtindo/caches/2.8/scripts/asLocalRepo0_4v18is50doz49plyzf0dcau4a/init).
10:04:53.524 [DEBUG] [org.gradle.cache.internal.DefaultFileLockManager] Releasing lock on cp_init class cache for initialization script '/tmp/ijinit0.gradle' (/home/maureen/AndroidStudioProjects/Mtindo/caches/2.8/scripts/ijinit0_3nre7zfn226zlcyg02qtci0hy/cp_init).
10:04:53.525 [DEBUG] [org.gradle.cache.internal.DefaultFileLockManager] Releasing lock on init class cache for initialization script '/tmp/ijinit0.gradle' (/home/maureen/AndroidStudioProjects/Mtindo/caches/2.8/scripts/ijinit0_3nre7zfn226zlcyg02qtci0hy/init).
10:04:53.525 [DEBUG] [org.gradle.cache.internal.DefaultFileLockManager] Releasing lock on cp_settings class cache for settings file '/home/maureen/Desktop/Mtindo/settings.gradle' (/home/maureen/AndroidStudioProjects/Mtindo/caches/2.8/scripts/settings_1wb9mu0y7jft20buekya0exe5/cp_settings).
10:04:53.526 [DEBUG] [org.gradle.cache.internal.DefaultFileLockManager] Releasing lock on settings class cache for settings file '/home/maureen/Desktop/Mtindo/settings.gradle' (/home/maureen/AndroidStudioProjects/Mtindo/caches/2.8/scripts/settings_1wb9mu0y7jft20buekya0exe5/settings).
10:04:53.526 [DEBUG] [org.gradle.cache.internal.DefaultFileLockManager] Releasing lock on cp_proj class cache for build file '/home/maureen/Desktop/Mtindo/build.gradle' (/home/maureen/AndroidStudioProjects/Mtindo/caches/2.8/scripts/build_97o8abpamj35dwaeheiyhc7cy/cp_proj).
10:04:53.527 [DEBUG] [org.gradle.cache.internal.DefaultFileLockManager] Releasing lock on proj class cache for build file '/home/maureen/Desktop/Mtindo/build.gradle' (/home/maureen/AndroidStudioProjects/Mtindo/caches/2.8/scripts/build_97o8abpamj35dwaeheiyhc7cy/proj).
10:04:53.528 [DEBUG] [org.gradle.cache.internal.DefaultFileLockManager] Releasing lock on cp_proj class cache for build file '/home/maureen/Desktop/Mtindo/app/build.gradle' (/home/maureen/AndroidStudioProjects/Mtindo/caches/2.8/scripts/build_78r4ozez099li8ous8gxoh3zo/cp_proj).
10:04:53.528 [DEBUG] [org.gradle.cache.internal.DefaultFileLockManager] Releasing lock on proj class cache for build file '/home/maureen/Desktop/Mtindo/app/build.gradle' (/home/maureen/AndroidStudioProjects/Mtindo/caches/2.8/scripts/build_78r4ozez099li8ous8gxoh3zo/proj).
10:04:53.529 [DEBUG] [org.gradle.cache.internal.DefaultFileLockManager] Releasing lock on jars (/home/maureen/AndroidStudioProjects/Mtindo/caches/jars-1).
10:04:53.530 [DEBUG] [org.gradle.api.internal.artifacts.ivyservice.resolveengine.store.CachedStoreFactory] Resolved configuration cache closed. Cache reads: 0, disk reads: 0 (avg: 0.0 secs, total: 0.0 secs)
10:04:53.531 [DEBUG] [org.gradle.api.internal.artifacts.ivyservice.resolveengine.store.CachedStoreFactory] Resolution result cache closed. Cache reads: 12, disk reads: 11 (avg: 0.001 secs, total: 0.017 secs)
10:04:53.532 [DEBUG] [org.gradle.api.internal.artifacts.ivyservice.resolveengine.store.ResolutionResultsStoreFactory] Deleted 2 resolution results binary files in 0.001 secs
10:04:53.532 [DEBUG] [org.gradle.api.internal.artifacts.ivyservice.ivyresolve.memcache.InMemoryCachedRepositoryFactory] In-memory dependency metadata cache closed. Repos cached: 45, cache instances: 4, modules served from cache: 300, artifacts: 145
10:04:53.534 [DEBUG] [org.gradle.cache.internal.btree.BTreePersistentIndexedCache] Closing cache artifact-at-repository.bin (/home/maureen/AndroidStudioProjects/Mtindo/caches/modules-2/metadata-2.16/artifact-at-repository.bin)
10:04:53.534 [DEBUG] [org.gradle.cache.internal.btree.BTreePersistentIndexedCache] Closing cache module-metadata.bin (/home/maureen/AndroidStudioProjects/Mtindo/caches/modules-2/metadata-2.16/module-metadata.bin)
10:04:53.535 [DEBUG] [org.gradle.cache.internal.btree.BTreePersistentIndexedCache] Closing cache module-artifacts.bin (/home/maureen/AndroidStudioProjects/Mtindo/caches/modules-2/metadata-2.16/module-artifacts.bin)
10:04:53.535 [DEBUG] [org.gradle.cache.internal.btree.BTreePersistentIndexedCache] Closing cache module-versions.bin (/home/maureen/AndroidStudioProjects/Mtindo/caches/modules-2/metadata-2.16/module-versions.bin)
10:04:53.535 [DEBUG] [org.gradle.cache.internal.btree.BTreePersistentIndexedCache] Closing cache artifact-at-url.bin (/home/maureen/AndroidStudioProjects/Mtindo/caches/modules-2/metadata-2.16/artifact-at-url.bin)
10:04:53.535 [DEBUG] [org.gradle.cache.internal.DefaultFileLockManager] Releasing lock on artifact cache (/home/maureen/AndroidStudioProjects/Mtindo/caches/modules-2).
10:04:53.536 [DEBUG] [org.gradle.cache.internal.DefaultCacheAccess] Cache Plugin Resolution Cache (/home/maureen/AndroidStudioProjects/Mtindo/caches/2.8/plugin-resolution) was closed 0 times.
10:04:53.537 [DEBUG] [org.gradle.api.internal.tasks.compile.daemon.CompilerDaemonManager] Stopping 0 compiler daemon(s).
10:04:53.537 [INFO] [org.gradle.api.internal.tasks.compile.daemon.CompilerDaemonManager] Stopped 0 compiler daemon(s).
10:04:53.538 [DEBUG] [org.gradle.launcher.daemon.server.exec.ExecuteBuild] The daemon has finished executing the build.
10:04:53.927 [DEBUG] [org.gradle.launcher.daemon.server.DaemonStateCoordinator] Daemon is busy, sleeping until state changes.
10:04:53.927 [DEBUG] [org.gradle.launcher.daemon.server.DaemonStateCoordinator] Command execution: finished waiting for DaemonCommandExecution[command = Build{id=8515ec5b-12da-4229-96db-fe506711f669.1, currentDir=/home/maureen/Desktop/Mtindo}, connection = org.gradle.launcher.daemon.server.DefaultDaemonConnection@285163ea]. Result org.gradle.launcher.daemon.server.DaemonStateCoordinator@4de13482 with state Running
10:04:53.928 [DEBUG] [org.gradle.launcher.daemon.server.DaemonStateCoordinator] Command execution: completed DaemonCommandExecution[command = Build{id=8515ec5b-12da-4229-96db-fe506711f669.1, currentDir=/home/maureen/Desktop/Mtindo}, connection = org.gradle.launcher.daemon.server.DefaultDaemonConnection@285163ea]
10:04:53.928 [DEBUG] [org.gradle.launcher.daemon.server.DaemonStateCoordinator] updating lastActivityAt to 1450335893928
10:04:53.928 [INFO] [org.gradle.launcher.daemon.server.DomainRegistryUpdater] Marking the daemon as idle, address: [be6b04ad-eb96-4d98-bd7c-345104bd33f3 port:56017, addresses:[/0:0:0:0:0:0:0:1%lo, /127.0.0.1]]
10:04:53.929 [DEBUG] [org.gradle.launcher.daemon.registry.PersistentDaemonRegistry] Marking idle by address: [be6b04ad-eb96-4d98-bd7c-345104bd33f3 port:56017, addresses:[/0:0:0:0:0:0:0:1%lo, /127.0.0.1]]
10:04:53.929 [DEBUG] [org.gradle.cache.internal.DefaultFileLockManager] Waiting to acquire exclusive lock on daemon addresses registry.
10:04:53.930 [DEBUG] [org.gradle.cache.internal.DefaultFileLockManager] Lock acquired.
10:04:53.932 [DEBUG] [org.apache.http.impl.conn.PoolingClientConnectionManager] Connection manager is shutting down
10:04:53.932 [DEBUG] [org.apache.http.impl.conn.PoolingClientConnectionManager] Connection manager shut down
10:04:53.932 [DEBUG] [org.apache.http.impl.conn.PoolingClientConnectionManager] Connection manager is shutting down
10:04:53.932 [DEBUG] [org.apache.http.impl.conn.PoolingClientConnectionManager] Connection manager shut down
10:04:53.933 [DEBUG] [org.apache.http.impl.conn.PoolingClientConnectionManager] Connection manager is shutting down
10:04:53.933 [DEBUG] [org.apache.http.impl.conn.PoolingClientConnectionManager] Connection manager shut down
10:04:53.933 [DEBUG] [org.apache.http.impl.conn.PoolingClientConnectionManager] Connection manager is shutting down
10:04:53.933 [DEBUG] [org.apache.http.impl.conn.PoolingClientConnectionManager] Connection manager shut down
10:04:53.934 [DEBUG] [org.gradle.cache.internal.DefaultFileLockManager] Releasing lock on daemon addresses registry.
10:04:53.935 [DEBUG] [org.gradle.launcher.daemon.server.DaemonStateCoordinator] Daemon is idle, sleeping until state change or idle timeout at Thu Dec 17 13:04:53 EAT 2015
10:04:53.936 [DEBUG] [org.gradle.launcher.daemon.server.exec.ReturnResult] Daemon is dispatching the build result: Success[value=org.gradle.tooling.internal.provider.BuildActionResult@478c5373]
10:04:53.936 [DEBUG] [org.gradle.launcher.daemon.server.SynchronizedDispatchConnection] thread 13: dispatching class org.gradle.launcher.daemon.protocol.Success
10:04:53.955 [DEBUG] [org.gradle.launcher.daemon.server.DefaultIncomingConnectionHandler] Finishing executing command: Build{id=8515ec5b-12da-4229-96db-fe506711f669.1, currentDir=/home/maureen/Desktop/Mtindo}
10:04:54.004 [DEBUG] [org.gradle.launcher.daemon.server.SynchronizedDispatchConnection] thread 14: received class org.gradle.launcher.daemon.protocol.Finished
10:04:54.004 [DEBUG] [org.gradle.launcher.daemon.server.DefaultDaemonConnection] Received non-IO message from client: org.gradle.launcher.daemon.protocol.Finished@55f94f61
10:04:54.005 [DEBUG] [org.gradle.launcher.daemon.server.DefaultIncomingConnectionHandler] Received finished message: org.gradle.launcher.daemon.protocol.Finished@55f94f61
10:04:54.005 [DEBUG] [org.gradle.messaging.remote.internal.inet.SocketConnection] Discarding EOFException: java.io.EOFException
10:04:54.005 [DEBUG] [org.gradle.launcher.daemon.server.SynchronizedDispatchConnection] thread 13: stopping connection
10:04:54.005 [DEBUG] [org.gradle.launcher.daemon.server.SynchronizedDispatchConnection] thread 14: received null
10:04:54.006 [DEBUG] [org.gradle.launcher.daemon.server.DefaultDaemonConnection] Received end-of-input from client.
10:04:54.008 [DEBUG] [org.gradle.launcher.daemon.server.SynchronizedDispatchConnection] thread 13: stopping connection
10:06:21.379 [DEBUG] [org.gradle.messaging.remote.internal.inet.TcpIncomingConnector] Accepted connection from /127.0.0.1:49920 to /127.0.0.1:56017.
10:06:21.410 [DEBUG] [org.gradle.launcher.daemon.server.SynchronizedDispatchConnection] thread 21: received class org.gradle.launcher.daemon.protocol.Build
10:06:21.410 [DEBUG] [org.gradle.launcher.daemon.server.DefaultDaemonConnection] Received non-IO message from client: Build{id=2e9c0d30-3373-4ea4-b6c4-75650515d0dd.1, currentDir=/home/maureen/Desktop/Mtindo}
10:06:21.411 [INFO] [org.gradle.launcher.daemon.server.DefaultIncomingConnectionHandler] Received command: Build{id=2e9c0d30-3373-4ea4-b6c4-75650515d0dd.1, currentDir=/home/maureen/Desktop/Mtindo}.
10:06:21.412 [DEBUG] [org.gradle.launcher.daemon.server.DefaultIncomingConnectionHandler] Starting executing command: Build{id=2e9c0d30-3373-4ea4-b6c4-75650515d0dd.1, currentDir=/home/maureen/Desktop/Mtindo} with connection: socket connection from /127.0.0.1:56017 to /127.0.0.1:49920.
10:06:21.414 [DEBUG] [org.gradle.launcher.daemon.server.DaemonStateCoordinator] Command execution: started DaemonCommandExecution[command = Build{id=2e9c0d30-3373-4ea4-b6c4-75650515d0dd.1, currentDir=/home/maureen/Desktop/Mtindo}, connection = org.gradle.launcher.daemon.server.DefaultDaemonConnection@4faa4abe] after 1.0 minutes of idle
10:06:21.414 [INFO] [org.gradle.launcher.daemon.server.DomainRegistryUpdater] Marking the daemon as busy, address: [be6b04ad-eb96-4d98-bd7c-345104bd33f3 port:56017, addresses:[/0:0:0:0:0:0:0:1%lo, /127.0.0.1]]
10:06:21.414 [DEBUG] [org.gradle.launcher.daemon.registry.PersistentDaemonRegistry] Marking busy by address: [be6b04ad-eb96-4d98-bd7c-345104bd33f3 port:56017, addresses:[/0:0:0:0:0:0:0:1%lo, /127.0.0.1]]
10:06:21.415 [DEBUG] [org.gradle.cache.internal.DefaultFileLockManager] Waiting to acquire exclusive lock on daemon addresses registry.
10:06:21.415 [DEBUG] [org.gradle.cache.internal.DefaultFileLockManager] Lock acquired.
10:06:21.421 [DEBUG] [org.gradle.cache.internal.DefaultFileLockManager] Releasing lock on daemon addresses registry.
10:06:21.421 [DEBUG] [org.gradle.launcher.daemon.server.DaemonStateCoordinator] updating lastActivityAt to 1450335981421
10:06:21.421 [DEBUG] [org.gradle.launcher.daemon.server.DaemonStateCoordinator] Daemon is busy, sleeping until state changes.
10:06:21.423 [INFO] [org.gradle.launcher.daemon.server.exec.StartBuildOrRespondWithBusy] Daemon is about to start building Build{id=2e9c0d30-3373-4ea4-b6c4-75650515d0dd.1, currentDir=/home/maureen/Desktop/Mtindo}. Dispatching build started information...
10:06:21.423 [DEBUG] [org.gradle.launcher.daemon.server.SynchronizedDispatchConnection] thread 23: dispatching class org.gradle.launcher.daemon.protocol.BuildStarted
10:06:21.432 [DEBUG] [org.gradle.launcher.daemon.server.exec.EstablishBuildEnvironment] Configuring env variables: {PATH=/usr/local/sbin:/usr/local/bin:/usr/sbin:/usr/bin:/sbin:/bin:/usr/games:/usr/local/games:/usr/local/java/jdk1.8.0_60/bin:/usr/local/java/jdk1.8.0_60/jre/bin, LC_MEASUREMENT=om_KE.UTF-8, XAUTHORITY=/home/maureen/.Xauthority, XMODIFIERS=@im=ibus, LC_TELEPHONE=om_KE.UTF-8, XDG_DATA_DIRS=/usr/share/ubuntu:/usr/share/gnome:/usr/local/share/:/usr/share/, GDMSESSION=ubuntu, MANDATORY_PATH=/usr/share/gconf/ubuntu.mandatory.path, LC_TIME=om_KE.UTF-8, TEXTDOMAINDIR=/usr/share/locale/, GTK_IM_MODULE=ibus, DBUS_SESSION_BUS_ADDRESS=unix:abstract=/tmp/dbus-3m3sudXJOY, DEFAULTS_PATH=/usr/share/gconf/ubuntu.default.path, XDG_CURRENT_DESKTOP=Unity, JRE_HOME=/usr/local/java/jdk1.8.0_60/jre, LD_LIBRARY_PATH=/home/maureen/android-studio/bin:, UPSTART_SESSION=unix:abstract=/com/ubuntu/upstart-session/1000/1601, QT4_IM_MODULE=xim, LC_PAPER=om_KE.UTF-8, SESSION_MANAGER=local/maureen-HP-15-Notebook-PC:@/tmp/.ICE-unix/1752,unix/maureen-HP-15-Notebook-PC:/tmp/.ICE-unix/1752, LOGNAME=maureen, JOB=dbus, PWD=/home/maureen, IM_CONFIG_PHASE=1, LANGUAGE=en_US, SHELL=/bin/bash, LC_ADDRESS=om_KE.UTF-8, GIO_LAUNCHED_DESKTOP_FILE=/home/maureen/.local/share/applications/jetbrains-studio.desktop, INSTANCE=, GNOME_DESKTOP_SESSION_ID=this-is-deprecated, GTK_MODULES=overlay-scrollbar:unity-gtk-module, CLUTTER_IM_MODULE=xim, XDG_SESSION_PATH=/org/freedesktop/DisplayManager/Session0, TEXTDOMAIN=im-config, COMPIZ_BIN_PATH=/usr/bin/, SESSIONTYPE=gnome-session, SHLVL=0, LC_IDENTIFICATION=om_KE.UTF-8, LC_MONETARY=om_KE.UTF-8, COMPIZ_CONFIG_PROFILE=ubuntu, QT_IM_MODULE=ibus, JAVA_HOME=/usr/local/java/jdk1.8.0_60, XFILESEARCHPATH=/usr/dt/app-defaults/%L/Dt, XDG_CONFIG_DIRS=/etc/xdg/xdg-ubuntu:/usr/share/upstart/xdg:/etc/xdg, LANG=en_US.UTF-8, GNOME_KEYRING_CONTROL=/run/user/1000/keyring-VDBYJq, XDG_SEAT_PATH=/org/freedesktop/DisplayManager/Seat0, XDG_SESSION_ID=c2, SELINUX_INIT=YES, DISPLAY=:0, LC_NAME=om_KE.UTF-8, GDM_LANG=en_US, XDG_GREETER_DATA_DIR=/var/lib/lightdm-data/maureen, GPG_AGENT_INFO=/run/user/1000/keyring-VDBYJq/gpg:0:1, DESKTOP_SESSION=ubuntu, SESSION=ubuntu, USER=maureen, XDG_MENU_PREFIX=gnome-, GIO_LAUNCHED_DESKTOP_FILE_PID=10251, LC_NUMERIC=om_KE.UTF-8, SSH_AUTH_SOCK=/run/user/1000/keyring-VDBYJq/ssh, XDG_SEAT=seat0, NLSPATH=/usr/dt/lib/nls/msg/%L/%N.cat, QT_QPA_PLATFORMTHEME=appmenu-qt5, XDG_VTNR=7, XDG_RUNTIME_DIR=/run/user/1000, HOME=/home/maureen, GNOME_KEYRING_PID=1529}
10:06:21.437 [DEBUG] [org.gradle.launcher.daemon.server.exec.LogToClient] About to start relaying all logs to the client via the connection.
10:06:21.437 [INFO] [org.gradle.launcher.daemon.server.exec.LogToClient] The client will now receive all logging from the daemon (pid: 10561). The daemon log file: /home/maureen/AndroidStudioProjects/Mtindo/daemon/2.8/daemon-10561.out.log
10:06:21.438 [INFO] [org.gradle.launcher.daemon.server.health.DaemonHealthTracker] Starting 2nd build in daemon [uptime: 1 mins 43.625 secs, performance: 98%, memory: 30% of 954.7 MB]
10:06:21.463 [DEBUG] [org.gradle.launcher.daemon.server.SynchronizedDispatchConnection] thread 21: received class org.gradle.launcher.daemon.protocol.CloseInput
10:06:21.463 [DEBUG] [org.gradle.launcher.daemon.server.DefaultDaemonConnection] Received IO message from client: org.gradle.launcher.daemon.protocol.CloseInput@9c6d10c
10:06:21.467 [DEBUG] [org.gradle.launcher.daemon.server.exec.ExecuteBuild] The daemon has started executing the build.
10:06:21.467 [INFO] [org.gradle.launcher.daemon.server.exec.ForwardClientInput] Closing daemon's stdin at end of input.
10:06:21.468 [INFO] [org.gradle.launcher.daemon.server.exec.ForwardClientInput] The daemon will no longer process any standard input.
10:06:21.468 [INFO] [org.gradle.launcher.daemon.server.exec.ExecuteBuild] Executing build with daemon context: DefaultDaemonContext[uid=14711b76-a4fb-4ab0-a36c-95517117a17b,javaHome=/home/maureen/Downloads/jdk1.8.0_60,daemonRegistryDir=/home/maureen/AndroidStudioProjects/Mtindo/daemon,pid=10561,idleTimeout=10800000,daemonOpts=-XX:MaxPermSize=256m,-XX:+HeapDumpOnOutOfMemoryError,-Xmx1024m,-Dfile.encoding=UTF-8,-Duser.country=US,-Duser.language=en,-Duser.variant]
Configuration on demand is an incubating feature.
Download https://jcenter.bintray.com/com/github/rey5137/material/1.2.1/material-1.2.1.pom
Download https://jcenter.bintray.com/com/github/rey5137/material/1.2.1/material-1.2.1.aar
:clean UP-TO-DATE
:app:clean
:app:preBuild UP-TO-DATE
:app:preDebugBuild UP-TO-DATE
:app:checkDebugManifest
:app:preReleaseBuild UP-TO-DATE
:app:prepareComAndroidSupportAppcompatV72311Library
:app:prepareComAndroidSupportCardviewV72301Library
:app:prepareComAndroidSupportDesign2311Library
:app:prepareComAndroidSupportRecyclerviewV72311Library
:app:prepareComAndroidSupportSupportV42311Library
:app:prepareComGithubGanfraMaterialSpinner111Library
:app:prepareComGithubRey5137Material121Library
:app:prepareComGoogleAndroidGmsPlayServicesAuth830Library
:app:prepareComGoogleAndroidGmsPlayServicesBase830Library
:app:prepareComGoogleAndroidGmsPlayServicesBasement830Library
:app:prepareComGoogleAndroidGmsPlayServicesMeasurement830Library
:app:prepareComRengwuxianMaterialedittextLibrary214Library
:app:prepareDebugDependencies
:app:compileDebugAidl
:app:compileDebugRenderscript
:app:generateDebugBuildConfig[Fatal Error] :1:1: Premature end of file.

FAILURE: Build failed with an exception.

* What went wrong:
Cannot read packageName from /home/maureen/Desktop/Mtindo/app/src/main/AndroidManifest.xml

* Try:
Run with --stacktrace option to get the stack trace. Run with --info or --debug option to get more log output.


BUILD FAILED

Total time: 12.167 secs
10:06:33.533 [DEBUG] [org.gradle.cache.internal.btree.BTreePersistentIndexedCache] Closing cache taskArtifacts.bin (/home/maureen/Desktop/Mtindo/.gradle/2.8/taskArtifacts/taskArtifacts.bin)
10:06:33.534 [DEBUG] [org.gradle.cache.internal.btree.BTreePersistentIndexedCache] Closing cache fileSnapshots.bin (/home/maureen/Desktop/Mtindo/.gradle/2.8/taskArtifacts/fileSnapshots.bin)
10:06:33.534 [DEBUG] [org.gradle.cache.internal.btree.BTreePersistentIndexedCache] Closing cache fileHashes.bin (/home/maureen/Desktop/Mtindo/.gradle/2.8/taskArtifacts/fileHashes.bin)
10:06:33.534 [DEBUG] [org.gradle.cache.internal.btree.BTreePersistentIndexedCache] Closing cache outputFileStates.bin (/home/maureen/Desktop/Mtindo/.gradle/2.8/taskArtifacts/outputFileStates.bin)
10:06:33.534 [DEBUG] [org.gradle.cache.internal.DefaultFileLockManager] Releasing lock on task history cache (/home/maureen/Desktop/Mtindo/.gradle/2.8/taskArtifacts).
10:06:33.534 [DEBUG] [org.gradle.cache.internal.DefaultFileLockManager] Releasing lock on cp_init class cache for initialization script '/tmp/asLocalRepo1.gradle' (/home/maureen/AndroidStudioProjects/Mtindo/caches/2.8/scripts/asLocalRepo1_1681o5nhvw35ox7yj0jn66281/cp_init).
10:06:33.535 [DEBUG] [org.gradle.cache.internal.DefaultFileLockManager] Releasing lock on init class cache for initialization script '/tmp/asLocalRepo1.gradle' (/home/maureen/AndroidStudioProjects/Mtindo/caches/2.8/scripts/asLocalRepo1_1681o5nhvw35ox7yj0jn66281/init).
10:06:33.535 [DEBUG] [org.gradle.cache.internal.DefaultFileLockManager] Releasing lock on cp_settings class cache for settings file '/home/maureen/Desktop/Mtindo/settings.gradle' (/home/maureen/AndroidStudioProjects/Mtindo/caches/2.8/scripts/settings_1wb9mu0y7jft20buekya0exe5/cp_settings).
10:06:33.535 [DEBUG] [org.gradle.cache.internal.DefaultFileLockManager] Releasing lock on settings class cache for settings file '/home/maureen/Desktop/Mtindo/settings.gradle' (/home/maureen/AndroidStudioProjects/Mtindo/caches/2.8/scripts/settings_1wb9mu0y7jft20buekya0exe5/settings).
10:06:33.535 [DEBUG] [org.gradle.cache.internal.DefaultFileLockManager] Releasing lock on cp_proj class cache for build file '/home/maureen/Desktop/Mtindo/build.gradle' (/home/maureen/AndroidStudioProjects/Mtindo/caches/2.8/scripts/build_97o8abpamj35dwaeheiyhc7cy/cp_proj).
10:06:33.535 [DEBUG] [org.gradle.cache.internal.DefaultFileLockManager] Releasing lock on proj class cache for build file '/home/maureen/Desktop/Mtindo/build.gradle' (/home/maureen/AndroidStudioProjects/Mtindo/caches/2.8/scripts/build_97o8abpamj35dwaeheiyhc7cy/proj).
10:06:33.535 [DEBUG] [org.gradle.cache.internal.DefaultFileLockManager] Releasing lock on cp_proj class cache for build file '/home/maureen/Desktop/Mtindo/app/build.gradle' (/home/maureen/AndroidStudioProjects/Mtindo/caches/2.8/scripts/build_78r4ozez099li8ous8gxoh3zo/cp_proj).
10:06:33.536 [DEBUG] [org.gradle.cache.internal.DefaultFileLockManager] Releasing lock on proj class cache for build file '/home/maureen/Desktop/Mtindo/app/build.gradle' (/home/maureen/AndroidStudioProjects/Mtindo/caches/2.8/scripts/build_78r4ozez099li8ous8gxoh3zo/proj).
10:06:33.536 [DEBUG] [org.gradle.api.internal.artifacts.ivyservice.resolveengine.store.CachedStoreFactory] Resolved configuration cache closed. Cache reads: 0, disk reads: 0 (avg: 0.0 secs, total: 0.0 secs)
10:06:33.537 [DEBUG] [org.gradle.api.internal.artifacts.ivyservice.resolveengine.store.CachedStoreFactory] Resolution result cache closed. Cache reads: 0, disk reads: 8 (avg: 0.0 secs, total: 0.002 secs)
10:06:33.537 [DEBUG] [org.gradle.api.internal.artifacts.ivyservice.resolveengine.store.ResolutionResultsStoreFactory] Deleted 2 resolution results binary files in 0.001 secs
10:06:33.537 [DEBUG] [org.gradle.api.internal.artifacts.ivyservice.ivyresolve.memcache.InMemoryCachedRepositoryFactory] In-memory dependency metadata cache closed. Repos cached: 26, cache instances: 4, modules served from cache: 127, artifacts: 47
10:06:33.539 [DEBUG] [org.gradle.cache.internal.btree.BTreePersistentIndexedCache] Closing cache artifact-at-url.bin (/home/maureen/AndroidStudioProjects/Mtindo/caches/modules-2/metadata-2.16/artifact-at-url.bin)
10:06:33.539 [DEBUG] [org.gradle.cache.internal.btree.BTreePersistentIndexedCache] Closing cache module-versions.bin (/home/maureen/AndroidStudioProjects/Mtindo/caches/modules-2/metadata-2.16/module-versions.bin)
10:06:33.540 [DEBUG] [org.gradle.cache.internal.btree.BTreePersistentIndexedCache] Closing cache artifact-at-repository.bin (/home/maureen/AndroidStudioProjects/Mtindo/caches/modules-2/metadata-2.16/artifact-at-repository.bin)
10:06:33.540 [DEBUG] [org.gradle.cache.internal.btree.BTreePersistentIndexedCache] Closing cache module-artifacts.bin (/home/maureen/AndroidStudioProjects/Mtindo/caches/modules-2/metadata-2.16/module-artifacts.bin)
10:06:33.540 [DEBUG] [org.gradle.cache.internal.btree.BTreePersistentIndexedCache] Closing cache module-metadata.bin (/home/maureen/AndroidStudioProjects/Mtindo/caches/modules-2/metadata-2.16/module-metadata.bin)
10:06:33.540 [DEBUG] [org.gradle.cache.internal.DefaultFileLockManager] Releasing lock on artifact cache (/home/maureen/AndroidStudioProjects/Mtindo/caches/modules-2).
10:06:33.541 [DEBUG] [org.gradle.cache.internal.DefaultCacheAccess] Cache Plugin Resolution Cache (/home/maureen/AndroidStudioProjects/Mtindo/caches/2.8/plugin-resolution) was closed 0 times.
10:06:33.541 [DEBUG] [org.gradle.api.internal.tasks.compile.daemon.CompilerDaemonManager] Stopping 0 compiler daemon(s).
10:06:33.541 [INFO] [org.gradle.api.internal.tasks.compile.daemon.CompilerDaemonManager] Stopped 0 compiler daemon(s).
10:06:33.541 [DEBUG] [org.gradle.launcher.daemon.server.exec.ExecuteBuild] The daemon has finished executing the build.
10:06:33.551 [DEBUG] [org.gradle.launcher.daemon.server.DaemonStateCoordinator] Daemon is busy, sleeping until state changes.
10:06:33.552 [DEBUG] [org.gradle.launcher.daemon.server.DaemonStateCoordinator] Command execution: finished waiting for DaemonCommandExecution[command = Build{id=2e9c0d30-3373-4ea4-b6c4-75650515d0dd.1, currentDir=/home/maureen/Desktop/Mtindo}, connection = org.gradle.launcher.daemon.server.DefaultDaemonConnection@4faa4abe]. Result org.gradle.launcher.daemon.server.DaemonStateCoordinator@4de13482 with state Running
10:06:33.552 [DEBUG] [org.gradle.launcher.daemon.server.DaemonStateCoordinator] Command execution: completed DaemonCommandExecution[command = Build{id=2e9c0d30-3373-4ea4-b6c4-75650515d0dd.1, currentDir=/home/maureen/Desktop/Mtindo}, connection = org.gradle.launcher.daemon.server.DefaultDaemonConnection@4faa4abe]
10:06:33.552 [DEBUG] [org.gradle.launcher.daemon.server.DaemonStateCoordinator] updating lastActivityAt to 1450335993552
10:06:33.552 [INFO] [org.gradle.launcher.daemon.server.DomainRegistryUpdater] Marking the daemon as idle, address: [be6b04ad-eb96-4d98-bd7c-345104bd33f3 port:56017, addresses:[/0:0:0:0:0:0:0:1%lo, /127.0.0.1]]
10:06:33.552 [DEBUG] [org.gradle.launcher.daemon.registry.PersistentDaemonRegistry] Marking idle by address: [be6b04ad-eb96-4d98-bd7c-345104bd33f3 port:56017, addresses:[/0:0:0:0:0:0:0:1%lo, /127.0.0.1]]
10:06:33.553 [DEBUG] [org.gradle.cache.internal.DefaultFileLockManager] Waiting to acquire exclusive lock on daemon addresses registry.
10:06:33.553 [DEBUG] [org.gradle.cache.internal.DefaultFileLockManager] Lock acquired.
10:06:33.557 [DEBUG] [org.gradle.cache.internal.DefaultFileLockManager] Releasing lock on daemon addresses registry.
10:06:33.557 [DEBUG] [org.gradle.launcher.daemon.server.DaemonStateCoordinator] Daemon is idle, sleeping until state change or idle timeout at Thu Dec 17 13:06:33 EAT 2015
10:06:33.557 [DEBUG] [org.gradle.launcher.daemon.server.exec.ReturnResult] Daemon is dispatching the build result: Failure[value=org.gradle.initialization.ReportedException: org.gradle.internal.exceptions.LocationAwareException: Cannot read packageName from /home/maureen/Desktop/Mtindo/app/src/main/AndroidManifest.xml]
10:06:33.558 [DEBUG] [org.gradle.launcher.daemon.server.SynchronizedDispatchConnection] thread 20: dispatching class org.gradle.launcher.daemon.protocol.Failure
10:06:33.574 [DEBUG] [org.gradle.launcher.daemon.server.DefaultIncomingConnectionHandler] Finishing executing command: Build{id=2e9c0d30-3373-4ea4-b6c4-75650515d0dd.1, currentDir=/home/maureen/Desktop/Mtindo}
10:06:33.633 [DEBUG] [org.gradle.launcher.daemon.server.SynchronizedDispatchConnection] thread 21: received class org.gradle.launcher.daemon.protocol.Finished
10:06:33.633 [DEBUG] [org.gradle.launcher.daemon.server.DefaultDaemonConnection] Received non-IO message from client: org.gradle.launcher.daemon.protocol.Finished@63cf3777
10:06:33.634 [DEBUG] [org.gradle.launcher.daemon.server.DefaultIncomingConnectionHandler] Received finished message: org.gradle.launcher.daemon.protocol.Finished@63cf3777
10:06:33.634 [DEBUG] [org.gradle.launcher.daemon.server.SynchronizedDispatchConnection] thread 20: stopping connection
10:06:33.634 [DEBUG] [org.gradle.messaging.remote.internal.inet.SocketConnection] Discarding EOFException: java.io.EOFException
10:06:33.634 [DEBUG] [org.gradle.launcher.daemon.server.SynchronizedDispatchConnection] thread 21: received null
10:06:33.635 [DEBUG] [org.gradle.launcher.daemon.server.DefaultDaemonConnection] Received end-of-input from client.
10:06:33.636 [DEBUG] [org.gradle.launcher.daemon.server.SynchronizedDispatchConnection] thread 20: stopping connection
